2022-05-20 20:05:582 INFO  HomePage :34 - Mouse hover on 'Buy + Sell' Tab  [[FirefoxDriver: firefox on WINDOWS (4aac6d9c-b450-4172-9dee-70208ea2ae4d)] -> xpath: //a[contains(text(),'buy + sell')]]
2022-05-20 20:05:168 INFO  HomePage :39 - Clicking on Search cars link  [[FirefoxDriver: firefox on WINDOWS (4aac6d9c-b450-4172-9dee-70208ea2ae4d)] -> xpath: //a[contains(text(),'Search Cars')]]
2022-05-20 20:05:724 INFO  NewAndUsedCarSearchPage :75 - Getting a Page Header text for Verification: [[FirefoxDriver: firefox on WINDOWS (4aac6d9c-b450-4172-9dee-70208ea2ae4d)] -> xpath: //div[contains(@class,'heading main-heading item-ad-wrapper')]]
2022-05-20 20:05:605 INFO  NewAndUsedCarSearchPage :51 - Click on Car Make: [[FirefoxDriver: firefox on WINDOWS (4aac6d9c-b450-4172-9dee-70208ea2ae4d)] -> id: makes]
2022-05-20 20:05:263 INFO  NewAndUsedCarSearchPage :56 - Click on Car Model: [[FirefoxDriver: firefox on WINDOWS (4aac6d9c-b450-4172-9dee-70208ea2ae4d)] -> id: models]
2022-05-20 20:05:707 INFO  NewAndUsedCarSearchPage :61 - Click on Location: [[FirefoxDriver: firefox on WINDOWS (4aac6d9c-b450-4172-9dee-70208ea2ae4d)] -> id: locations]
2022-05-20 20:05:870 INFO  HomePage :34 - Mouse hover on 'Buy + Sell' Tab  [[FirefoxDriver: firefox on WINDOWS (90ffe181-1680-47ca-b82d-a075558b2ad2)] -> xpath: //a[contains(text(),'buy + sell')]]
2022-05-20 20:05:406 INFO  HomePage :39 - Clicking on Search cars link  [[FirefoxDriver: firefox on WINDOWS (90ffe181-1680-47ca-b82d-a075558b2ad2)] -> xpath: //a[contains(text(),'Search Cars')]]
2022-05-20 20:05:938 INFO  NewAndUsedCarSearchPage :75 - Getting a Page Header text for Verification: [[FirefoxDriver: firefox on WINDOWS (90ffe181-1680-47ca-b82d-a075558b2ad2)] -> xpath: //div[contains(@class,'heading main-heading item-ad-wrapper')]]
2022-05-20 20:05:717 INFO  NewAndUsedCarSearchPage :51 - Click on Car Make: [[FirefoxDriver: firefox on WINDOWS (90ffe181-1680-47ca-b82d-a075558b2ad2)] -> id: makes]
2022-05-20 20:05:184 INFO  NewAndUsedCarSearchPage :56 - Click on Car Model: [[FirefoxDriver: firefox on WINDOWS (90ffe181-1680-47ca-b82d-a075558b2ad2)] -> id: models]
2022-05-20 20:05:679 INFO  NewAndUsedCarSearchPage :61 - Click on Location: [[FirefoxDriver: firefox on WINDOWS (90ffe181-1680-47ca-b82d-a075558b2ad2)] -> id: locations]
2022-05-20 20:05:382 INFO  HomePage :34 - Mouse hover on 'Buy + Sell' Tab  [[FirefoxDriver: firefox on WINDOWS (603704fe-c34c-4a56-a270-dbad1ce48f77)] -> xpath: //a[contains(text(),'buy + sell')]]
2022-05-20 20:05:113 INFO  HomePage :39 - Clicking on Search cars link  [[FirefoxDriver: firefox on WINDOWS (603704fe-c34c-4a56-a270-dbad1ce48f77)] -> xpath: //a[contains(text(),'Search Cars')]]
2022-05-20 20:05:219 INFO  NewAndUsedCarSearchPage :75 - Getting a Page Header text for Verification: [[FirefoxDriver: firefox on WINDOWS (603704fe-c34c-4a56-a270-dbad1ce48f77)] -> xpath: //div[contains(@class,'heading main-heading item-ad-wrapper')]]
2022-05-20 20:05:999 INFO  NewAndUsedCarSearchPage :51 - Click on Car Make: [[FirefoxDriver: firefox on WINDOWS (603704fe-c34c-4a56-a270-dbad1ce48f77)] -> id: makes]
2022-05-20 20:05:443 INFO  NewAndUsedCarSearchPage :56 - Click on Car Model: [[FirefoxDriver: firefox on WINDOWS (603704fe-c34c-4a56-a270-dbad1ce48f77)] -> id: models]
2022-05-20 20:05:776 INFO  NewAndUsedCarSearchPage :61 - Click on Location: [[FirefoxDriver: firefox on WINDOWS (603704fe-c34c-4a56-a270-dbad1ce48f77)] -> id: locations]
2022-05-20 20:05:171 INFO  HomePage :34 - Mouse hover on 'Buy + Sell' Tab  [[FirefoxDriver: firefox on WINDOWS (1806105b-9257-40e7-9c09-019d53e30348)] -> xpath: //a[contains(text(),'buy + sell')]]
2022-05-20 20:05:853 INFO  HomePage :39 - Clicking on Search cars link  [[FirefoxDriver: firefox on WINDOWS (1806105b-9257-40e7-9c09-019d53e30348)] -> xpath: //a[contains(text(),'Search Cars')]]
2022-05-20 20:05:395 INFO  NewAndUsedCarSearchPage :75 - Getting a Page Header text for Verification: [[FirefoxDriver: firefox on WINDOWS (1806105b-9257-40e7-9c09-019d53e30348)] -> xpath: //div[contains(@class,'heading main-heading item-ad-wrapper')]]
2022-05-20 20:05:816 INFO  NewAndUsedCarSearchPage :51 - Click on Car Make: [[FirefoxDriver: firefox on WINDOWS (1806105b-9257-40e7-9c09-019d53e30348)] -> id: makes]
2022-05-20 20:05:611 INFO  NewAndUsedCarSearchPage :56 - Click on Car Model: [[FirefoxDriver: firefox on WINDOWS (1806105b-9257-40e7-9c09-019d53e30348)] -> id: models]
2022-05-20 20:05:164 INFO  NewAndUsedCarSearchPage :61 - Click on Location: [[FirefoxDriver: firefox on WINDOWS (1806105b-9257-40e7-9c09-019d53e30348)] -> id: locations]
2022-05-20 20:05:937 INFO  HomePage :34 - Mouse hover on 'Buy + Sell' Tab  [[FirefoxDriver: firefox on WINDOWS (f99dfc1c-4bf9-40da-b7bd-852fc4d790e0)] -> xpath: //a[contains(text(),'buy + sell')]]
2022-05-20 20:05:371 INFO  HomePage :39 - Clicking on Search cars link  [[FirefoxDriver: firefox on WINDOWS (f99dfc1c-4bf9-40da-b7bd-852fc4d790e0)] -> xpath: //a[contains(text(),'Search Cars')]]
2022-05-20 20:05:442 INFO  NewAndUsedCarSearchPage :75 - Getting a Page Header text for Verification: [[FirefoxDriver: firefox on WINDOWS (f99dfc1c-4bf9-40da-b7bd-852fc4d790e0)] -> xpath: //div[contains(@class,'heading main-heading item-ad-wrapper')]]
2022-05-20 20:05:996 INFO  NewAndUsedCarSearchPage :51 - Click on Car Make: [[FirefoxDriver: firefox on WINDOWS (f99dfc1c-4bf9-40da-b7bd-852fc4d790e0)] -> id: makes]
2022-05-20 20:05:431 INFO  NewAndUsedCarSearchPage :56 - Click on Car Model: [[FirefoxDriver: firefox on WINDOWS (f99dfc1c-4bf9-40da-b7bd-852fc4d790e0)] -> id: models]
2022-05-20 20:05:305 INFO  HomePage :34 - Mouse hover on 'Buy + Sell' Tab  [[FirefoxDriver: firefox on WINDOWS (9c7a4504-74ef-474f-b6a5-7d6cfac7ff6f)] -> xpath: //a[contains(text(),'buy + sell')]]
2022-05-20 20:05:964 INFO  HomePage :39 - Clicking on Search cars link  [[FirefoxDriver: firefox on WINDOWS (9c7a4504-74ef-474f-b6a5-7d6cfac7ff6f)] -> xpath: //a[contains(text(),'Search Cars')]]
2022-05-20 20:05:63 INFO  NewAndUsedCarSearchPage :75 - Getting a Page Header text for Verification: [[FirefoxDriver: firefox on WINDOWS (9c7a4504-74ef-474f-b6a5-7d6cfac7ff6f)] -> xpath: //div[contains(@class,'heading main-heading item-ad-wrapper')]]
2022-05-20 20:05:538 INFO  NewAndUsedCarSearchPage :51 - Click on Car Make: [[FirefoxDriver: firefox on WINDOWS (9c7a4504-74ef-474f-b6a5-7d6cfac7ff6f)] -> id: makes]
2022-05-20 20:05:580 INFO  NewAndUsedCarSearchPage :56 - Click on Car Model: [[FirefoxDriver: firefox on WINDOWS (9c7a4504-74ef-474f-b6a5-7d6cfac7ff6f)] -> id: models]
2022-05-20 20:05:806 INFO  HomePage :34 - Mouse hover on 'Buy + Sell' Tab  [[FirefoxDriver: firefox on WINDOWS (6f009a75-361b-4692-9413-e562500f83d8)] -> xpath: //a[contains(text(),'buy + sell')]]
2022-05-20 20:05:296 INFO  HomePage :44 - Clicking on Used link  [[FirefoxDriver: firefox on WINDOWS (6f009a75-361b-4692-9413-e562500f83d8)] -> xpath: //a[normalize-space()='Used']]
2022-05-20 20:05:103 INFO  UsedCarSearchPage :69 - Getting a Page Header text for Verification: [[FirefoxDriver: firefox on WINDOWS (6f009a75-361b-4692-9413-e562500f83d8)] -> xpath: //div[contains(@class,'heading main-heading item-ad-wrapper')]/h1]
2022-05-20 20:05:834 INFO  NewAndUsedCarSearchPage :51 - Click on Car Make: [[FirefoxDriver: firefox on WINDOWS (6f009a75-361b-4692-9413-e562500f83d8)] -> id: makes]
2022-05-20 20:05:583 INFO  NewAndUsedCarSearchPage :56 - Click on Car Model: [[FirefoxDriver: firefox on WINDOWS (6f009a75-361b-4692-9413-e562500f83d8)] -> id: models]
2022-05-20 20:05:919 INFO  NewAndUsedCarSearchPage :61 - Click on Location: [[FirefoxDriver: firefox on WINDOWS (6f009a75-361b-4692-9413-e562500f83d8)] -> id: locations]
2022-05-20 20:05:404 INFO  HomePage :34 - Mouse hover on 'Buy + Sell' Tab  [[FirefoxDriver: firefox on WINDOWS (233dc106-3302-4bb1-8360-7ea99716f90b)] -> xpath: //a[contains(text(),'buy + sell')]]
2022-05-20 20:05:946 INFO  HomePage :44 - Clicking on Used link  [[FirefoxDriver: firefox on WINDOWS (233dc106-3302-4bb1-8360-7ea99716f90b)] -> xpath: //a[normalize-space()='Used']]
2022-05-20 20:05:552 INFO  UsedCarSearchPage :69 - Getting a Page Header text for Verification: [[FirefoxDriver: firefox on WINDOWS (233dc106-3302-4bb1-8360-7ea99716f90b)] -> xpath: //div[contains(@class,'heading main-heading item-ad-wrapper')]/h1]
2022-05-20 20:05:498 INFO  NewAndUsedCarSearchPage :51 - Click on Car Make: [[FirefoxDriver: firefox on WINDOWS (233dc106-3302-4bb1-8360-7ea99716f90b)] -> id: makes]
2022-05-20 20:05:196 INFO  NewAndUsedCarSearchPage :56 - Click on Car Model: [[FirefoxDriver: firefox on WINDOWS (233dc106-3302-4bb1-8360-7ea99716f90b)] -> id: models]
2022-05-20 20:05:604 INFO  NewAndUsedCarSearchPage :61 - Click on Location: [[FirefoxDriver: firefox on WINDOWS (233dc106-3302-4bb1-8360-7ea99716f90b)] -> id: locations]
2022-05-20 20:05:674 INFO  HomePage :34 - Mouse hover on 'Buy + Sell' Tab  [[FirefoxDriver: firefox on WINDOWS (d42d5a16-3f95-4359-8661-018773491681)] -> xpath: //a[contains(text(),'buy + sell')]]
2022-05-20 20:05:117 INFO  HomePage :44 - Clicking on Used link  [[FirefoxDriver: firefox on WINDOWS (d42d5a16-3f95-4359-8661-018773491681)] -> xpath: //a[normalize-space()='Used']]
2022-05-20 20:05:131 INFO  UsedCarSearchPage :69 - Getting a Page Header text for Verification: [[FirefoxDriver: firefox on WINDOWS (d42d5a16-3f95-4359-8661-018773491681)] -> xpath: //div[contains(@class,'heading main-heading item-ad-wrapper')]/h1]
2022-05-20 20:05:645 INFO  NewAndUsedCarSearchPage :51 - Click on Car Make: [[FirefoxDriver: firefox on WINDOWS (d42d5a16-3f95-4359-8661-018773491681)] -> id: makes]
2022-05-20 20:05:954 INFO  NewAndUsedCarSearchPage :56 - Click on Car Model: [[FirefoxDriver: firefox on WINDOWS (d42d5a16-3f95-4359-8661-018773491681)] -> id: models]
2022-05-20 20:05:249 INFO  NewAndUsedCarSearchPage :61 - Click on Location: [[FirefoxDriver: firefox on WINDOWS (d42d5a16-3f95-4359-8661-018773491681)] -> id: locations]
2022-05-20 20:05:219 INFO  HomePage :34 - Mouse hover on 'Buy + Sell' Tab  [[FirefoxDriver: firefox on WINDOWS (5c5a4bf4-8413-4d2c-963d-952032280c03)] -> xpath: //a[contains(text(),'buy + sell')]]
2022-05-20 20:05:691 INFO  HomePage :44 - Clicking on Used link  [[FirefoxDriver: firefox on WINDOWS (5c5a4bf4-8413-4d2c-963d-952032280c03)] -> xpath: //a[normalize-space()='Used']]
2022-05-20 20:05:315 INFO  UsedCarSearchPage :69 - Getting a Page Header text for Verification: [[FirefoxDriver: firefox on WINDOWS (5c5a4bf4-8413-4d2c-963d-952032280c03)] -> xpath: //div[contains(@class,'heading main-heading item-ad-wrapper')]/h1]
2022-05-20 20:05:773 INFO  NewAndUsedCarSearchPage :51 - Click on Car Make: [[FirefoxDriver: firefox on WINDOWS (5c5a4bf4-8413-4d2c-963d-952032280c03)] -> id: makes]
2022-05-20 20:05:592 INFO  NewAndUsedCarSearchPage :56 - Click on Car Model: [[FirefoxDriver: firefox on WINDOWS (5c5a4bf4-8413-4d2c-963d-952032280c03)] -> id: models]
2022-05-20 20:05:173 INFO  NewAndUsedCarSearchPage :61 - Click on Location: [[FirefoxDriver: firefox on WINDOWS (5c5a4bf4-8413-4d2c-963d-952032280c03)] -> id: locations]
2022-05-20 20:05:26 INFO  HomePage :34 - Mouse hover on 'Buy + Sell' Tab  [[FirefoxDriver: firefox on WINDOWS (d488cec1-5140-4d5f-a8aa-1eaa994f50c3)] -> xpath: //a[contains(text(),'buy + sell')]]
2022-05-20 20:05:536 INFO  HomePage :44 - Clicking on Used link  [[FirefoxDriver: firefox on WINDOWS (d488cec1-5140-4d5f-a8aa-1eaa994f50c3)] -> xpath: //a[normalize-space()='Used']]
2022-05-20 20:05:383 INFO  UsedCarSearchPage :69 - Getting a Page Header text for Verification: [[FirefoxDriver: firefox on WINDOWS (d488cec1-5140-4d5f-a8aa-1eaa994f50c3)] -> xpath: //div[contains(@class,'heading main-heading item-ad-wrapper')]/h1]
2022-05-20 20:05:855 INFO  NewAndUsedCarSearchPage :51 - Click on Car Make: [[FirefoxDriver: firefox on WINDOWS (d488cec1-5140-4d5f-a8aa-1eaa994f50c3)] -> id: makes]
2022-05-20 20:05:613 INFO  NewAndUsedCarSearchPage :56 - Click on Car Model: [[FirefoxDriver: firefox on WINDOWS (d488cec1-5140-4d5f-a8aa-1eaa994f50c3)] -> id: models]
2022-05-20 20:05:09 INFO  NewAndUsedCarSearchPage :61 - Click on Location: [[FirefoxDriver: firefox on WINDOWS (d488cec1-5140-4d5f-a8aa-1eaa994f50c3)] -> id: locations]
2022-05-20 20:05:330 INFO  HomePage :34 - Mouse hover on 'Buy + Sell' Tab  [[FirefoxDriver: firefox on WINDOWS (f73bfb60-d77a-42a2-864b-2482716ce9f5)] -> xpath: //a[contains(text(),'buy + sell')]]
2022-05-20 20:05:816 INFO  HomePage :44 - Clicking on Used link  [[FirefoxDriver: firefox on WINDOWS (f73bfb60-d77a-42a2-864b-2482716ce9f5)] -> xpath: //a[normalize-space()='Used']]
2022-05-20 20:05:354 INFO  UsedCarSearchPage :69 - Getting a Page Header text for Verification: [[FirefoxDriver: firefox on WINDOWS (f73bfb60-d77a-42a2-864b-2482716ce9f5)] -> xpath: //div[contains(@class,'heading main-heading item-ad-wrapper')]/h1]
2022-05-20 20:05:756 INFO  NewAndUsedCarSearchPage :51 - Click on Car Make: [[FirefoxDriver: firefox on WINDOWS (f73bfb60-d77a-42a2-864b-2482716ce9f5)] -> id: makes]
2022-05-20 20:05:65 INFO  NewAndUsedCarSearchPage :56 - Click on Car Model: [[FirefoxDriver: firefox on WINDOWS (f73bfb60-d77a-42a2-864b-2482716ce9f5)] -> id: models]
2022-05-20 20:05:702 INFO  NewAndUsedCarSearchPage :61 - Click on Location: [[FirefoxDriver: firefox on WINDOWS (f73bfb60-d77a-42a2-864b-2482716ce9f5)] -> id: locations]
2022-05-20 20:05:515 INFO  HomePage :34 - Mouse hover on 'Buy + Sell' Tab  [[FirefoxDriver: firefox on WINDOWS (97b6d4f7-cd39-4206-aa00-248ff2ee52a6)] -> xpath: //a[contains(text(),'buy + sell')]]
2022-05-20 20:05:998 INFO  HomePage :39 - Clicking on Search cars link  [[FirefoxDriver: firefox on WINDOWS (97b6d4f7-cd39-4206-aa00-248ff2ee52a6)] -> xpath: //a[contains(text(),'Search Cars')]]
2022-05-20 20:05:169 INFO  NewAndUsedCarSearchPage :75 - Getting a Page Header text for Verification: [[FirefoxDriver: firefox on WINDOWS (97b6d4f7-cd39-4206-aa00-248ff2ee52a6)] -> xpath: //div[contains(@class,'heading main-heading item-ad-wrapper')]]
2022-05-20 20:05:840 INFO  NewAndUsedCarSearchPage :51 - Click on Car Make: [[FirefoxDriver: firefox on WINDOWS (97b6d4f7-cd39-4206-aa00-248ff2ee52a6)] -> id: makes]
2022-05-20 20:05:395 INFO  NewAndUsedCarSearchPage :56 - Click on Car Model: [[FirefoxDriver: firefox on WINDOWS (97b6d4f7-cd39-4206-aa00-248ff2ee52a6)] -> id: models]
2022-05-20 20:05:862 INFO  NewAndUsedCarSearchPage :61 - Click on Location: [[FirefoxDriver: firefox on WINDOWS (97b6d4f7-cd39-4206-aa00-248ff2ee52a6)] -> id: locations]
2022-05-20 20:05:313 INFO  NewAndUsedCarSearchPage :66 - Click on Price: [[FirefoxDriver: firefox on WINDOWS (97b6d4f7-cd39-4206-aa00-248ff2ee52a6)] -> id: priceTo]
2022-05-20 20:05:889 INFO  NewAndUsedCarSearchPage :71 - Click on find my next Car Button: [[FirefoxDriver: firefox on WINDOWS (97b6d4f7-cd39-4206-aa00-248ff2ee52a6)] -> id: search-submit]
2022-05-20 20:05:999 INFO  NewAndUsedCarSearchPage :80 - Getting car make in search results: [[FirefoxDriver: firefox on WINDOWS (97b6d4f7-cd39-4206-aa00-248ff2ee52a6)] -> xpath: //h1[@class='listing-search-title']]
2022-05-20 20:05:58 INFO  HomePage :34 - Mouse hover on 'Buy + Sell' Tab  [[FirefoxDriver: firefox on WINDOWS (451d12c5-6b10-4440-b797-d3126b8350c3)] -> xpath: //a[contains(text(),'buy + sell')]]
2022-05-20 20:05:595 INFO  HomePage :39 - Clicking on Search cars link  [[FirefoxDriver: firefox on WINDOWS (451d12c5-6b10-4440-b797-d3126b8350c3)] -> xpath: //a[contains(text(),'Search Cars')]]
2022-05-20 20:05:489 INFO  NewAndUsedCarSearchPage :75 - Getting a Page Header text for Verification: [[FirefoxDriver: firefox on WINDOWS (451d12c5-6b10-4440-b797-d3126b8350c3)] -> xpath: //div[contains(@class,'heading main-heading item-ad-wrapper')]]
2022-05-20 20:05:261 INFO  NewAndUsedCarSearchPage :51 - Click on Car Make: [[FirefoxDriver: firefox on WINDOWS (451d12c5-6b10-4440-b797-d3126b8350c3)] -> id: makes]
2022-05-20 20:05:822 INFO  NewAndUsedCarSearchPage :56 - Click on Car Model: [[FirefoxDriver: firefox on WINDOWS (451d12c5-6b10-4440-b797-d3126b8350c3)] -> id: models]
2022-05-20 20:05:103 INFO  NewAndUsedCarSearchPage :61 - Click on Location: [[FirefoxDriver: firefox on WINDOWS (451d12c5-6b10-4440-b797-d3126b8350c3)] -> id: locations]
2022-05-20 20:05:520 INFO  NewAndUsedCarSearchPage :66 - Click on Price: [[FirefoxDriver: firefox on WINDOWS (451d12c5-6b10-4440-b797-d3126b8350c3)] -> id: priceTo]
2022-05-20 20:05:232 INFO  NewAndUsedCarSearchPage :71 - Click on find my next Car Button: [[FirefoxDriver: firefox on WINDOWS (451d12c5-6b10-4440-b797-d3126b8350c3)] -> id: search-submit]
2022-05-20 20:05:507 INFO  NewAndUsedCarSearchPage :80 - Getting car make in search results: Proxy element for: DefaultElementLocator 'By.xpath: //h1[@class='listing-search-title']'
2022-05-20 20:05:937 INFO  HomePage :34 - Mouse hover on 'Buy + Sell' Tab  [[FirefoxDriver: firefox on WINDOWS (0997358d-065d-4b87-a950-d5cd6dc4092e)] -> xpath: //a[contains(text(),'buy + sell')]]
2022-05-20 20:05:580 INFO  HomePage :39 - Clicking on Search cars link  [[FirefoxDriver: firefox on WINDOWS (0997358d-065d-4b87-a950-d5cd6dc4092e)] -> xpath: //a[contains(text(),'Search Cars')]]
2022-05-20 20:05:617 INFO  NewAndUsedCarSearchPage :75 - Getting a Page Header text for Verification: [[FirefoxDriver: firefox on WINDOWS (0997358d-065d-4b87-a950-d5cd6dc4092e)] -> xpath: //div[contains(@class,'heading main-heading item-ad-wrapper')]]
2022-05-20 20:05:330 INFO  NewAndUsedCarSearchPage :51 - Click on Car Make: [[FirefoxDriver: firefox on WINDOWS (0997358d-065d-4b87-a950-d5cd6dc4092e)] -> id: makes]
2022-05-20 20:05:574 INFO  NewAndUsedCarSearchPage :56 - Click on Car Model: [[FirefoxDriver: firefox on WINDOWS (0997358d-065d-4b87-a950-d5cd6dc4092e)] -> id: models]
2022-05-20 20:05:15 INFO  NewAndUsedCarSearchPage :61 - Click on Location: [[FirefoxDriver: firefox on WINDOWS (0997358d-065d-4b87-a950-d5cd6dc4092e)] -> id: locations]
2022-05-20 20:05:407 INFO  NewAndUsedCarSearchPage :66 - Click on Price: [[FirefoxDriver: firefox on WINDOWS (0997358d-065d-4b87-a950-d5cd6dc4092e)] -> id: priceTo]
2022-05-20 20:05:775 INFO  NewAndUsedCarSearchPage :71 - Click on find my next Car Button: [[FirefoxDriver: firefox on WINDOWS (0997358d-065d-4b87-a950-d5cd6dc4092e)] -> id: search-submit]
2022-05-20 20:05:859 INFO  NewAndUsedCarSearchPage :80 - Getting car make in search results: [[FirefoxDriver: firefox on WINDOWS (0997358d-065d-4b87-a950-d5cd6dc4092e)] -> xpath: //h1[@class='listing-search-title']]
2022-05-20 20:05:607 INFO  HomePage :34 - Mouse hover on 'Buy + Sell' Tab  [[FirefoxDriver: firefox on WINDOWS (53f56164-0b56-4c0b-846e-4c9b71907f6e)] -> xpath: //a[contains(text(),'buy + sell')]]
2022-05-20 20:05:992 INFO  HomePage :39 - Clicking on Search cars link  [[FirefoxDriver: firefox on WINDOWS (53f56164-0b56-4c0b-846e-4c9b71907f6e)] -> xpath: //a[contains(text(),'Search Cars')]]
2022-05-20 20:05:557 INFO  NewAndUsedCarSearchPage :75 - Getting a Page Header text for Verification: [[FirefoxDriver: firefox on WINDOWS (53f56164-0b56-4c0b-846e-4c9b71907f6e)] -> xpath: //div[contains(@class,'heading main-heading item-ad-wrapper')]]
2022-05-20 20:05:04 INFO  NewAndUsedCarSearchPage :51 - Click on Car Make: [[FirefoxDriver: firefox on WINDOWS (53f56164-0b56-4c0b-846e-4c9b71907f6e)] -> id: makes]
2022-05-20 20:05:445 INFO  NewAndUsedCarSearchPage :56 - Click on Car Model: [[FirefoxDriver: firefox on WINDOWS (53f56164-0b56-4c0b-846e-4c9b71907f6e)] -> id: models]
2022-05-20 20:05:113 INFO  NewAndUsedCarSearchPage :61 - Click on Location: [[FirefoxDriver: firefox on WINDOWS (53f56164-0b56-4c0b-846e-4c9b71907f6e)] -> id: locations]
2022-05-20 20:05:605 INFO  NewAndUsedCarSearchPage :66 - Click on Price: [[FirefoxDriver: firefox on WINDOWS (53f56164-0b56-4c0b-846e-4c9b71907f6e)] -> id: priceTo]
2022-05-20 20:05:173 INFO  NewAndUsedCarSearchPage :71 - Click on find my next Car Button: [[FirefoxDriver: firefox on WINDOWS (53f56164-0b56-4c0b-846e-4c9b71907f6e)] -> id: search-submit]
2022-05-20 20:05:324 INFO  NewAndUsedCarSearchPage :80 - Getting car make in search results: [[FirefoxDriver: firefox on WINDOWS (53f56164-0b56-4c0b-846e-4c9b71907f6e)] -> xpath: //h1[@class='listing-search-title']]
2022-05-20 20:05:852 INFO  HomePage :34 - Mouse hover on 'Buy + Sell' Tab  [[FirefoxDriver: firefox on WINDOWS (667de5eb-3b75-49f3-b88b-9104ed02bec2)] -> xpath: //a[contains(text(),'buy + sell')]]
2022-05-20 20:05:334 INFO  HomePage :39 - Clicking on Search cars link  [[FirefoxDriver: firefox on WINDOWS (667de5eb-3b75-49f3-b88b-9104ed02bec2)] -> xpath: //a[contains(text(),'Search Cars')]]
2022-05-20 20:05:476 INFO  NewAndUsedCarSearchPage :75 - Getting a Page Header text for Verification: [[FirefoxDriver: firefox on WINDOWS (667de5eb-3b75-49f3-b88b-9104ed02bec2)] -> xpath: //div[contains(@class,'heading main-heading item-ad-wrapper')]]
2022-05-20 20:05:911 INFO  NewAndUsedCarSearchPage :51 - Click on Car Make: [[FirefoxDriver: firefox on WINDOWS (667de5eb-3b75-49f3-b88b-9104ed02bec2)] -> id: makes]
2022-05-20 20:05:941 INFO  NewAndUsedCarSearchPage :56 - Click on Car Model: [[FirefoxDriver: firefox on WINDOWS (667de5eb-3b75-49f3-b88b-9104ed02bec2)] -> id: models]
2022-05-20 20:05:548 INFO  HomePage :34 - Mouse hover on 'Buy + Sell' Tab  [[FirefoxDriver: firefox on WINDOWS (2ebfd760-586f-473b-822f-ad7f0cf9912a)] -> xpath: //a[contains(text(),'buy + sell')]]
2022-05-20 20:05:131 INFO  HomePage :39 - Clicking on Search cars link  [[FirefoxDriver: firefox on WINDOWS (2ebfd760-586f-473b-822f-ad7f0cf9912a)] -> xpath: //a[contains(text(),'Search Cars')]]
2022-05-20 20:05:667 INFO  NewAndUsedCarSearchPage :75 - Getting a Page Header text for Verification: [[FirefoxDriver: firefox on WINDOWS (2ebfd760-586f-473b-822f-ad7f0cf9912a)] -> xpath: //div[contains(@class,'heading main-heading item-ad-wrapper')]]
2022-05-20 20:05:353 INFO  NewAndUsedCarSearchPage :51 - Click on Car Make: [[FirefoxDriver: firefox on WINDOWS (2ebfd760-586f-473b-822f-ad7f0cf9912a)] -> id: makes]
2022-05-20 20:05:640 INFO  NewAndUsedCarSearchPage :56 - Click on Car Model: [[FirefoxDriver: firefox on WINDOWS (2ebfd760-586f-473b-822f-ad7f0cf9912a)] -> id: models]
2022-05-20 20:05:361 INFO  HomePage :34 - Mouse hover on 'Buy + Sell' Tab  [[FirefoxDriver: firefox on WINDOWS (9c09335e-6c37-423c-af03-118f7845dabe)] -> xpath: //a[contains(text(),'buy + sell')]]
2022-05-20 20:05:814 INFO  HomePage :39 - Clicking on Search cars link  [[FirefoxDriver: firefox on WINDOWS (9c09335e-6c37-423c-af03-118f7845dabe)] -> xpath: //a[contains(text(),'Search Cars')]]
2022-05-20 20:05:311 INFO  NewAndUsedCarSearchPage :75 - Getting a Page Header text for Verification: [[FirefoxDriver: firefox on WINDOWS (9c09335e-6c37-423c-af03-118f7845dabe)] -> xpath: //div[contains(@class,'heading main-heading item-ad-wrapper')]]
2022-05-20 20:05:986 INFO  NewAndUsedCarSearchPage :51 - Click on Car Make: [[FirefoxDriver: firefox on WINDOWS (9c09335e-6c37-423c-af03-118f7845dabe)] -> id: makes]
2022-05-20 20:05:669 INFO  NewAndUsedCarSearchPage :56 - Click on Car Model: [[FirefoxDriver: firefox on WINDOWS (9c09335e-6c37-423c-af03-118f7845dabe)] -> id: models]
2022-05-20 20:05:53 INFO  NewAndUsedCarSearchPage :61 - Click on Location: [[FirefoxDriver: firefox on WINDOWS (9c09335e-6c37-423c-af03-118f7845dabe)] -> id: locations]
2022-05-20 20:05:460 INFO  NewAndUsedCarSearchPage :66 - Click on Price: [[FirefoxDriver: firefox on WINDOWS (9c09335e-6c37-423c-af03-118f7845dabe)] -> id: priceTo]
2022-05-20 20:05:876 INFO  NewAndUsedCarSearchPage :71 - Click on find my next Car Button: [[FirefoxDriver: firefox on WINDOWS (9c09335e-6c37-423c-af03-118f7845dabe)] -> id: search-submit]
2022-05-20 20:05:946 INFO  NewAndUsedCarSearchPage :80 - Getting car make in search results: [[FirefoxDriver: firefox on WINDOWS (9c09335e-6c37-423c-af03-118f7845dabe)] -> xpath: //h1[@class='listing-search-title']]
2022-05-20 20:05:823 INFO  HomePage :34 - Mouse hover on 'Buy + Sell' Tab  [[FirefoxDriver: firefox on WINDOWS (66284fc2-5e01-49c8-a44a-82d561d92f90)] -> xpath: //a[contains(text(),'buy + sell')]]
2022-05-20 20:05:458 INFO  HomePage :39 - Clicking on Search cars link  [[FirefoxDriver: firefox on WINDOWS (66284fc2-5e01-49c8-a44a-82d561d92f90)] -> xpath: //a[contains(text(),'Search Cars')]]
2022-05-20 20:05:54 INFO  NewAndUsedCarSearchPage :75 - Getting a Page Header text for Verification: [[FirefoxDriver: firefox on WINDOWS (66284fc2-5e01-49c8-a44a-82d561d92f90)] -> xpath: //div[contains(@class,'heading main-heading item-ad-wrapper')]]
2022-05-20 20:05:574 INFO  NewAndUsedCarSearchPage :51 - Click on Car Make: [[FirefoxDriver: firefox on WINDOWS (66284fc2-5e01-49c8-a44a-82d561d92f90)] -> id: makes]
2022-05-20 20:05:325 INFO  NewAndUsedCarSearchPage :56 - Click on Car Model: [[FirefoxDriver: firefox on WINDOWS (66284fc2-5e01-49c8-a44a-82d561d92f90)] -> id: models]
2022-05-20 20:05:915 INFO  NewAndUsedCarSearchPage :61 - Click on Location: [[FirefoxDriver: firefox on WINDOWS (66284fc2-5e01-49c8-a44a-82d561d92f90)] -> id: locations]
2022-05-20 20:05:210 INFO  NewAndUsedCarSearchPage :66 - Click on Price: [[FirefoxDriver: firefox on WINDOWS (66284fc2-5e01-49c8-a44a-82d561d92f90)] -> id: priceTo]
2022-05-20 20:05:381 INFO  NewAndUsedCarSearchPage :71 - Click on find my next Car Button: [[FirefoxDriver: firefox on WINDOWS (66284fc2-5e01-49c8-a44a-82d561d92f90)] -> id: search-submit]
2022-05-20 20:05:501 INFO  NewAndUsedCarSearchPage :80 - Getting car make in search results: Proxy element for: DefaultElementLocator 'By.xpath: //h1[@class='listing-search-title']'
2022-05-20 20:05:231 INFO  HomePage :34 - Mouse hover on 'Buy + Sell' Tab  [[FirefoxDriver: firefox on WINDOWS (7e0f32ce-8ff0-4185-970c-17d7ede23d8f)] -> xpath: //a[contains(text(),'buy + sell')]]
2022-05-20 20:05:745 INFO  HomePage :39 - Clicking on Search cars link  [[FirefoxDriver: firefox on WINDOWS (7e0f32ce-8ff0-4185-970c-17d7ede23d8f)] -> xpath: //a[contains(text(),'Search Cars')]]
2022-05-20 20:05:279 INFO  NewAndUsedCarSearchPage :75 - Getting a Page Header text for Verification: [[FirefoxDriver: firefox on WINDOWS (7e0f32ce-8ff0-4185-970c-17d7ede23d8f)] -> xpath: //div[contains(@class,'heading main-heading item-ad-wrapper')]]
2022-05-20 20:05:745 INFO  NewAndUsedCarSearchPage :51 - Click on Car Make: [[FirefoxDriver: firefox on WINDOWS (7e0f32ce-8ff0-4185-970c-17d7ede23d8f)] -> id: makes]
2022-05-20 20:05:545 INFO  NewAndUsedCarSearchPage :56 - Click on Car Model: [[FirefoxDriver: firefox on WINDOWS (7e0f32ce-8ff0-4185-970c-17d7ede23d8f)] -> id: models]
2022-05-20 20:05:180 INFO  NewAndUsedCarSearchPage :61 - Click on Location: [[FirefoxDriver: firefox on WINDOWS (7e0f32ce-8ff0-4185-970c-17d7ede23d8f)] -> id: locations]
2022-05-20 20:05:530 INFO  NewAndUsedCarSearchPage :66 - Click on Price: [[FirefoxDriver: firefox on WINDOWS (7e0f32ce-8ff0-4185-970c-17d7ede23d8f)] -> id: priceTo]
2022-05-20 20:05:708 INFO  NewAndUsedCarSearchPage :71 - Click on find my next Car Button: [[FirefoxDriver: firefox on WINDOWS (7e0f32ce-8ff0-4185-970c-17d7ede23d8f)] -> id: search-submit]
2022-05-20 20:05:781 INFO  NewAndUsedCarSearchPage :80 - Getting car make in search results: [[FirefoxDriver: firefox on WINDOWS (7e0f32ce-8ff0-4185-970c-17d7ede23d8f)] -> xpath: //h1[@class='listing-search-title']]
2022-05-20 20:05:307 INFO  HomePage :34 - Mouse hover on 'Buy + Sell' Tab  [[FirefoxDriver: firefox on WINDOWS (4afac779-f061-42a9-a171-676815a231ce)] -> xpath: //a[contains(text(),'buy + sell')]]
2022-05-20 20:05:960 INFO  HomePage :39 - Clicking on Search cars link  [[FirefoxDriver: firefox on WINDOWS (4afac779-f061-42a9-a171-676815a231ce)] -> xpath: //a[contains(text(),'Search Cars')]]
2022-05-20 20:05:610 INFO  NewAndUsedCarSearchPage :75 - Getting a Page Header text for Verification: [[FirefoxDriver: firefox on WINDOWS (4afac779-f061-42a9-a171-676815a231ce)] -> xpath: //div[contains(@class,'heading main-heading item-ad-wrapper')]]
2022-05-20 20:05:103 INFO  NewAndUsedCarSearchPage :51 - Click on Car Make: [[FirefoxDriver: firefox on WINDOWS (4afac779-f061-42a9-a171-676815a231ce)] -> id: makes]
2022-05-20 20:05:833 INFO  NewAndUsedCarSearchPage :56 - Click on Car Model: [[FirefoxDriver: firefox on WINDOWS (4afac779-f061-42a9-a171-676815a231ce)] -> id: models]
2022-05-20 20:05:441 INFO  NewAndUsedCarSearchPage :61 - Click on Location: [[FirefoxDriver: firefox on WINDOWS (4afac779-f061-42a9-a171-676815a231ce)] -> id: locations]
2022-05-20 20:05:821 INFO  NewAndUsedCarSearchPage :66 - Click on Price: [[FirefoxDriver: firefox on WINDOWS (4afac779-f061-42a9-a171-676815a231ce)] -> id: priceTo]
2022-05-20 20:05:975 INFO  NewAndUsedCarSearchPage :71 - Click on find my next Car Button: [[FirefoxDriver: firefox on WINDOWS (4afac779-f061-42a9-a171-676815a231ce)] -> id: search-submit]
2022-05-20 20:05:38 INFO  NewAndUsedCarSearchPage :80 - Getting car make in search results: [[FirefoxDriver: firefox on WINDOWS (4afac779-f061-42a9-a171-676815a231ce)] -> xpath: //h1[@class='listing-search-title']]
2022-05-20 20:05:15 INFO  HomePage :34 - Mouse hover on 'Buy + Sell' Tab  [[FirefoxDriver: firefox on WINDOWS (f5ebf772-1ce9-4a7d-9723-16e1c1707ed6)] -> xpath: //a[contains(text(),'buy + sell')]]
2022-05-20 20:05:598 INFO  HomePage :39 - Clicking on Search cars link  [[FirefoxDriver: firefox on WINDOWS (f5ebf772-1ce9-4a7d-9723-16e1c1707ed6)] -> xpath: //a[contains(text(),'Search Cars')]]
2022-05-20 20:05:468 INFO  NewAndUsedCarSearchPage :75 - Getting a Page Header text for Verification: [[FirefoxDriver: firefox on WINDOWS (f5ebf772-1ce9-4a7d-9723-16e1c1707ed6)] -> xpath: //div[contains(@class,'heading main-heading item-ad-wrapper')]]
2022-05-20 20:05:302 INFO  NewAndUsedCarSearchPage :51 - Click on Car Make: [[FirefoxDriver: firefox on WINDOWS (f5ebf772-1ce9-4a7d-9723-16e1c1707ed6)] -> id: makes]
2022-05-20 20:05:974 INFO  NewAndUsedCarSearchPage :56 - Click on Car Model: [[FirefoxDriver: firefox on WINDOWS (f5ebf772-1ce9-4a7d-9723-16e1c1707ed6)] -> id: models]
2022-05-20 20:05:320 INFO  HomePage :34 - Mouse hover on 'Buy + Sell' Tab  [[FirefoxDriver: firefox on WINDOWS (324928bb-0066-4648-8854-41d784b4a037)] -> xpath: //a[contains(text(),'buy + sell')]]
2022-05-20 20:05:874 INFO  HomePage :39 - Clicking on Search cars link  [[FirefoxDriver: firefox on WINDOWS (324928bb-0066-4648-8854-41d784b4a037)] -> xpath: //a[contains(text(),'Search Cars')]]
2022-05-20 20:05:530 INFO  NewAndUsedCarSearchPage :75 - Getting a Page Header text for Verification: [[FirefoxDriver: firefox on WINDOWS (324928bb-0066-4648-8854-41d784b4a037)] -> xpath: //div[contains(@class,'heading main-heading item-ad-wrapper')]]
2022-05-20 20:05:24 INFO  NewAndUsedCarSearchPage :51 - Click on Car Make: [[FirefoxDriver: firefox on WINDOWS (324928bb-0066-4648-8854-41d784b4a037)] -> id: makes]
2022-05-20 20:05:772 INFO  NewAndUsedCarSearchPage :56 - Click on Car Model: [[FirefoxDriver: firefox on WINDOWS (324928bb-0066-4648-8854-41d784b4a037)] -> id: models]
2022-05-20 20:05:817 INFO  HomePage :34 - Mouse hover on 'Buy + Sell' Tab  [[FirefoxDriver: firefox on WINDOWS (f677f03d-3649-4f6d-96f0-75a9363b986f)] -> xpath: //a[contains(text(),'buy + sell')]]
2022-05-20 20:05:421 INFO  HomePage :44 - Clicking on Used link  [[FirefoxDriver: firefox on WINDOWS (f677f03d-3649-4f6d-96f0-75a9363b986f)] -> xpath: //a[normalize-space()='Used']]
2022-05-20 20:05:642 INFO  UsedCarSearchPage :69 - Getting a Page Header text for Verification: [[FirefoxDriver: firefox on WINDOWS (f677f03d-3649-4f6d-96f0-75a9363b986f)] -> xpath: //div[contains(@class,'heading main-heading item-ad-wrapper')]/h1]
2022-05-20 20:05:100 INFO  NewAndUsedCarSearchPage :51 - Click on Car Make: [[FirefoxDriver: firefox on WINDOWS (f677f03d-3649-4f6d-96f0-75a9363b986f)] -> id: makes]
2022-05-20 20:05:669 INFO  NewAndUsedCarSearchPage :56 - Click on Car Model: [[FirefoxDriver: firefox on WINDOWS (f677f03d-3649-4f6d-96f0-75a9363b986f)] -> id: models]
2022-05-20 20:05:149 INFO  NewAndUsedCarSearchPage :61 - Click on Location: [[FirefoxDriver: firefox on WINDOWS (f677f03d-3649-4f6d-96f0-75a9363b986f)] -> id: locations]
2022-05-20 20:05:452 INFO  NewAndUsedCarSearchPage :66 - Click on Price: [[FirefoxDriver: firefox on WINDOWS (f677f03d-3649-4f6d-96f0-75a9363b986f)] -> id: priceTo]
2022-05-20 20:05:609 INFO  NewAndUsedCarSearchPage :71 - Click on find my next Car Button: [[FirefoxDriver: firefox on WINDOWS (f677f03d-3649-4f6d-96f0-75a9363b986f)] -> id: search-submit]
2022-05-20 20:05:714 INFO  NewAndUsedCarSearchPage :80 - Getting car make in search results: [[FirefoxDriver: firefox on WINDOWS (f677f03d-3649-4f6d-96f0-75a9363b986f)] -> xpath: //h1[@class='listing-search-title']]
2022-05-20 20:05:994 INFO  HomePage :34 - Mouse hover on 'Buy + Sell' Tab  [[FirefoxDriver: firefox on WINDOWS (5096fe61-ae43-4f2d-a505-f33c87ec587d)] -> xpath: //a[contains(text(),'buy + sell')]]
2022-05-20 20:05:456 INFO  HomePage :44 - Clicking on Used link  [[FirefoxDriver: firefox on WINDOWS (5096fe61-ae43-4f2d-a505-f33c87ec587d)] -> xpath: //a[normalize-space()='Used']]
2022-05-20 20:05:122 INFO  UsedCarSearchPage :69 - Getting a Page Header text for Verification: [[FirefoxDriver: firefox on WINDOWS (5096fe61-ae43-4f2d-a505-f33c87ec587d)] -> xpath: //div[contains(@class,'heading main-heading item-ad-wrapper')]/h1]
2022-05-20 20:05:626 INFO  NewAndUsedCarSearchPage :51 - Click on Car Make: [[FirefoxDriver: firefox on WINDOWS (5096fe61-ae43-4f2d-a505-f33c87ec587d)] -> id: makes]
2022-05-20 20:05:301 INFO  NewAndUsedCarSearchPage :56 - Click on Car Model: [[FirefoxDriver: firefox on WINDOWS (5096fe61-ae43-4f2d-a505-f33c87ec587d)] -> id: models]
2022-05-20 20:05:836 INFO  NewAndUsedCarSearchPage :61 - Click on Location: [[FirefoxDriver: firefox on WINDOWS (5096fe61-ae43-4f2d-a505-f33c87ec587d)] -> id: locations]
2022-05-20 20:05:134 INFO  NewAndUsedCarSearchPage :66 - Click on Price: [[FirefoxDriver: firefox on WINDOWS (5096fe61-ae43-4f2d-a505-f33c87ec587d)] -> id: priceTo]
2022-05-20 20:05:216 INFO  NewAndUsedCarSearchPage :71 - Click on find my next Car Button: [[FirefoxDriver: firefox on WINDOWS (5096fe61-ae43-4f2d-a505-f33c87ec587d)] -> id: search-submit]
2022-05-20 20:05:350 INFO  NewAndUsedCarSearchPage :80 - Getting car make in search results: Proxy element for: DefaultElementLocator 'By.xpath: //h1[@class='listing-search-title']'
2022-05-20 20:05:65 INFO  HomePage :34 - Mouse hover on 'Buy + Sell' Tab  [[FirefoxDriver: firefox on WINDOWS (5c592d21-d55f-4ab4-8cd8-da8f17809e0f)] -> xpath: //a[contains(text(),'buy + sell')]]
2022-05-20 20:05:457 INFO  HomePage :44 - Clicking on Used link  [[FirefoxDriver: firefox on WINDOWS (5c592d21-d55f-4ab4-8cd8-da8f17809e0f)] -> xpath: //a[normalize-space()='Used']]
2022-05-20 20:05:415 INFO  UsedCarSearchPage :69 - Getting a Page Header text for Verification: [[FirefoxDriver: firefox on WINDOWS (5c592d21-d55f-4ab4-8cd8-da8f17809e0f)] -> xpath: //div[contains(@class,'heading main-heading item-ad-wrapper')]/h1]
2022-05-20 20:05:919 INFO  NewAndUsedCarSearchPage :51 - Click on Car Make: [[FirefoxDriver: firefox on WINDOWS (5c592d21-d55f-4ab4-8cd8-da8f17809e0f)] -> id: makes]
2022-05-20 20:05:212 INFO  NewAndUsedCarSearchPage :56 - Click on Car Model: [[FirefoxDriver: firefox on WINDOWS (5c592d21-d55f-4ab4-8cd8-da8f17809e0f)] -> id: models]
2022-05-20 20:05:476 INFO  NewAndUsedCarSearchPage :61 - Click on Location: [[FirefoxDriver: firefox on WINDOWS (5c592d21-d55f-4ab4-8cd8-da8f17809e0f)] -> id: locations]
2022-05-20 20:05:180 INFO  NewAndUsedCarSearchPage :66 - Click on Price: [[FirefoxDriver: firefox on WINDOWS (5c592d21-d55f-4ab4-8cd8-da8f17809e0f)] -> id: priceTo]
2022-05-20 20:05:849 INFO  NewAndUsedCarSearchPage :71 - Click on find my next Car Button: [[FirefoxDriver: firefox on WINDOWS (5c592d21-d55f-4ab4-8cd8-da8f17809e0f)] -> id: search-submit]
2022-05-20 20:05:894 INFO  NewAndUsedCarSearchPage :80 - Getting car make in search results: Proxy element for: DefaultElementLocator 'By.xpath: //h1[@class='listing-search-title']'
2022-05-20 20:05:469 INFO  HomePage :34 - Mouse hover on 'Buy + Sell' Tab  [[FirefoxDriver: firefox on WINDOWS (5c847001-fb96-4b65-9f5e-8e1c17a7fc06)] -> xpath: //a[contains(text(),'buy + sell')]]
2022-05-20 20:05:38 INFO  HomePage :44 - Clicking on Used link  [[FirefoxDriver: firefox on WINDOWS (5c847001-fb96-4b65-9f5e-8e1c17a7fc06)] -> xpath: //a[normalize-space()='Used']]
2022-05-20 20:05:335 INFO  UsedCarSearchPage :69 - Getting a Page Header text for Verification: [[FirefoxDriver: firefox on WINDOWS (5c847001-fb96-4b65-9f5e-8e1c17a7fc06)] -> xpath: //div[contains(@class,'heading main-heading item-ad-wrapper')]/h1]
2022-05-20 20:05:926 INFO  NewAndUsedCarSearchPage :51 - Click on Car Make: [[FirefoxDriver: firefox on WINDOWS (5c847001-fb96-4b65-9f5e-8e1c17a7fc06)] -> id: makes]
2022-05-20 20:05:865 INFO  NewAndUsedCarSearchPage :56 - Click on Car Model: [[FirefoxDriver: firefox on WINDOWS (5c847001-fb96-4b65-9f5e-8e1c17a7fc06)] -> id: models]
2022-05-20 20:05:454 INFO  NewAndUsedCarSearchPage :61 - Click on Location: [[FirefoxDriver: firefox on WINDOWS (5c847001-fb96-4b65-9f5e-8e1c17a7fc06)] -> id: locations]
2022-05-20 20:05:758 INFO  NewAndUsedCarSearchPage :66 - Click on Price: [[FirefoxDriver: firefox on WINDOWS (5c847001-fb96-4b65-9f5e-8e1c17a7fc06)] -> id: priceTo]
2022-05-20 20:05:31 INFO  NewAndUsedCarSearchPage :71 - Click on find my next Car Button: [[FirefoxDriver: firefox on WINDOWS (5c847001-fb96-4b65-9f5e-8e1c17a7fc06)] -> id: search-submit]
2022-05-20 20:05:178 INFO  NewAndUsedCarSearchPage :80 - Getting car make in search results: Proxy element for: DefaultElementLocator 'By.xpath: //h1[@class='listing-search-title']'
2022-05-20 20:05:879 INFO  HomePage :34 - Mouse hover on 'Buy + Sell' Tab  [[FirefoxDriver: firefox on WINDOWS (456c4c4f-abc4-49ed-9d69-2e7e9023097a)] -> xpath: //a[contains(text(),'buy + sell')]]
2022-05-20 20:05:33 INFO  HomePage :44 - Clicking on Used link  [[FirefoxDriver: firefox on WINDOWS (456c4c4f-abc4-49ed-9d69-2e7e9023097a)] -> xpath: //a[normalize-space()='Used']]
2022-05-20 20:05:418 INFO  UsedCarSearchPage :69 - Getting a Page Header text for Verification: [[FirefoxDriver: firefox on WINDOWS (456c4c4f-abc4-49ed-9d69-2e7e9023097a)] -> xpath: //div[contains(@class,'heading main-heading item-ad-wrapper')]/h1]
2022-05-20 20:05:852 INFO  NewAndUsedCarSearchPage :51 - Click on Car Make: [[FirefoxDriver: firefox on WINDOWS (456c4c4f-abc4-49ed-9d69-2e7e9023097a)] -> id: makes]
2022-05-20 20:05:250 INFO  NewAndUsedCarSearchPage :56 - Click on Car Model: [[FirefoxDriver: firefox on WINDOWS (456c4c4f-abc4-49ed-9d69-2e7e9023097a)] -> id: models]
2022-05-20 20:05:539 INFO  NewAndUsedCarSearchPage :61 - Click on Location: [[FirefoxDriver: firefox on WINDOWS (456c4c4f-abc4-49ed-9d69-2e7e9023097a)] -> id: locations]
2022-05-20 20:05:888 INFO  NewAndUsedCarSearchPage :66 - Click on Price: [[FirefoxDriver: firefox on WINDOWS (456c4c4f-abc4-49ed-9d69-2e7e9023097a)] -> id: priceTo]
2022-05-20 20:05:214 INFO  NewAndUsedCarSearchPage :71 - Click on find my next Car Button: [[FirefoxDriver: firefox on WINDOWS (456c4c4f-abc4-49ed-9d69-2e7e9023097a)] -> id: search-submit]
2022-05-20 21:05:257 INFO  NewAndUsedCarSearchPage :80 - Getting car make in search results: Proxy element for: DefaultElementLocator 'By.xpath: //h1[@class='listing-search-title']'
2022-05-20 21:05:203 INFO  HomePage :34 - Mouse hover on 'Buy + Sell' Tab  [[FirefoxDriver: firefox on WINDOWS (21505636-f5d4-4239-a746-3ea6a066bb18)] -> xpath: //a[contains(text(),'buy + sell')]]
2022-05-20 21:05:680 INFO  HomePage :44 - Clicking on Used link  [[FirefoxDriver: firefox on WINDOWS (21505636-f5d4-4239-a746-3ea6a066bb18)] -> xpath: //a[normalize-space()='Used']]
2022-05-20 21:05:546 INFO  UsedCarSearchPage :69 - Getting a Page Header text for Verification: [[FirefoxDriver: firefox on WINDOWS (21505636-f5d4-4239-a746-3ea6a066bb18)] -> xpath: //div[contains(@class,'heading main-heading item-ad-wrapper')]/h1]
2022-05-20 21:05:589 INFO  NewAndUsedCarSearchPage :51 - Click on Car Make: [[FirefoxDriver: firefox on WINDOWS (21505636-f5d4-4239-a746-3ea6a066bb18)] -> id: makes]
2022-05-20 21:05:998 INFO  NewAndUsedCarSearchPage :56 - Click on Car Model: [[FirefoxDriver: firefox on WINDOWS (21505636-f5d4-4239-a746-3ea6a066bb18)] -> id: models]
